[17-May-2016 10:26:25 UTC] PHP Warning:  Illegal string offset 'dni' in /home/ubuntu/workspace/form_validations/view/results.php on line 30
[17-May-2016 10:26:25 UTC] PHP Stack trace:
[17-May-2016 10:26:25 UTC] PHP   1. {main}() /home/ubuntu/workspace/form_validations/view/results.php:0
[17-May-2016 10:26:25 UTC] PHP Warning:  Illegal string offset 'nombre' in /home/ubuntu/workspace/form_validations/view/results.php on line 30
[17-May-2016 10:26:25 UTC] PHP Stack trace:
[17-May-2016 10:26:25 UTC] PHP   1. {main}() /home/ubuntu/workspace/form_validations/view/results.php:0
[17-May-2016 10:26:25 UTC] PHP Warning:  Illegal string offset 'apellidos' in /home/ubuntu/workspace/form_validations/view/results.php on line 30
[17-May-2016 10:26:25 UTC] PHP Stack trace:
[17-May-2016 10:26:25 UTC] PHP   1. {main}() /home/ubuntu/workspace/form_validations/view/results.php:0
[17-May-2016 10:26:25 UTC] PHP Warning:  Illegal string offset 'datebirthday' in /home/ubuntu/workspace/form_validations/view/results.php on line 30
[17-May-2016 10:26:25 UTC] PHP Stack trace:
[17-May-2016 10:26:25 UTC] PHP   1. {main}() /home/ubuntu/workspace/form_validations/view/results.php:0
[17-May-2016 10:26:25 UTC] PHP Warning:  Illegal string offset 'sexo' in /home/ubuntu/workspace/form_validations/view/results.php on line 30
[17-May-2016 10:26:25 UTC] PHP Stack trace:
[17-May-2016 10:26:25 UTC] PHP   1. {main}() /home/ubuntu/workspace/form_validations/view/results.php:0
[17-May-2016 10:26:25 UTC] PHP Warning:  Illegal string offset 'tlf' in /home/ubuntu/workspace/form_validations/view/results.php on line 30
[17-May-2016 10:26:25 UTC] PHP Stack trace:
[17-May-2016 10:26:25 UTC] PHP   1. {main}() /home/ubuntu/workspace/form_validations/view/results.php:0
[17-May-2016 10:26:25 UTC] PHP Warning:  Illegal string offset 'email' in /home/ubuntu/workspace/form_validations/view/results.php on line 30
[17-May-2016 10:26:25 UTC] PHP Stack trace:
[17-May-2016 10:26:25 UTC] PHP   1. {main}() /home/ubuntu/workspace/form_validations/view/results.php:0
[17-May-2016 10:26:25 UTC] PHP Warning:  Illegal string offset 'user' in /home/ubuntu/workspace/form_validations/view/results.php on line 30
[17-May-2016 10:26:25 UTC] PHP Stack trace:
[17-May-2016 10:26:25 UTC] PHP   1. {main}() /home/ubuntu/workspace/form_validations/view/results.php:0
[17-May-2016 10:26:25 UTC] PHP Warning:  Illegal string offset 'pass' in /home/ubuntu/workspace/form_validations/view/results.php on line 30
[17-May-2016 10:26:25 UTC] PHP Stack trace:
[17-May-2016 10:26:25 UTC] PHP   1. {main}() /home/ubuntu/workspace/form_validations/view/results.php:0
[17-May-2016 18:04:44 UTC] PHP Parse error:  syntax error, unexpected '$resultado' (T_VARIABLE), expecting ',' or ';' in /home/ubuntu/workspace/form_validations/view/results.php on line 33
[18-May-2016 18:41:14 UTC] PHP Warning:  Illegal string offset 'dni' in /home/ubuntu/workspace/form_validations/view/results.php on line 30
[18-May-2016 18:41:14 UTC] PHP Stack trace:
[18-May-2016 18:41:14 UTC] PHP   1. {main}() /home/ubuntu/workspace/form_validations/view/results.php:0
[18-May-2016 18:41:14 UTC] PHP Warning:  Illegal string offset 'nombre' in /home/ubuntu/workspace/form_validations/view/results.php on line 30
[18-May-2016 18:41:14 UTC] PHP Stack trace:
[18-May-2016 18:41:14 UTC] PHP   1. {main}() /home/ubuntu/workspace/form_validations/view/results.php:0
[18-May-2016 18:41:14 UTC] PHP Warning:  Illegal string offset 'apellidos' in /home/ubuntu/workspace/form_validations/view/results.php on line 30
[18-May-2016 18:41:14 UTC] PHP Stack trace:
[18-May-2016 18:41:14 UTC] PHP   1. {main}() /home/ubuntu/workspace/form_validations/view/results.php:0
[18-May-2016 18:41:14 UTC] PHP Warning:  Illegal string offset 'datebirthday' in /home/ubuntu/workspace/form_validations/view/results.php on line 30
[18-May-2016 18:41:14 UTC] PHP Stack trace:
[18-May-2016 18:41:14 UTC] PHP   1. {main}() /home/ubuntu/workspace/form_validations/view/results.php:0
[18-May-2016 18:41:14 UTC] PHP Warning:  Illegal string offset 'sexo' in /home/ubuntu/workspace/form_validations/view/results.php on line 30
[18-May-2016 18:41:14 UTC] PHP Stack trace:
[18-May-2016 18:41:14 UTC] PHP   1. {main}() /home/ubuntu/workspace/form_validations/view/results.php:0
[18-May-2016 18:41:14 UTC] PHP Warning:  Illegal string offset 'tlf' in /home/ubuntu/workspace/form_validations/view/results.php on line 30
[18-May-2016 18:41:14 UTC] PHP Stack trace:
[18-May-2016 18:41:14 UTC] PHP   1. {main}() /home/ubuntu/workspace/form_validations/view/results.php:0
[18-May-2016 18:41:14 UTC] PHP Warning:  Illegal string offset 'email' in /home/ubuntu/workspace/form_validations/view/results.php on line 30
[18-May-2016 18:41:14 UTC] PHP Stack trace:
[18-May-2016 18:41:14 UTC] PHP   1. {main}() /home/ubuntu/workspace/form_validations/view/results.php:0
[18-May-2016 18:41:14 UTC] PHP Warning:  Illegal string offset 'usuario' in /home/ubuntu/workspace/form_validations/view/results.php on line 30
[18-May-2016 18:41:14 UTC] PHP Stack trace:
[18-May-2016 18:41:14 UTC] PHP   1. {main}() /home/ubuntu/workspace/form_validations/view/results.php:0
[18-May-2016 18:41:14 UTC] PHP Warning:  Illegal string offset 'pass' in /home/ubuntu/workspace/form_validations/view/results.php on line 30
[18-May-2016 18:41:14 UTC] PHP Stack trace:
[18-May-2016 18:41:14 UTC] PHP   1. {main}() /home/ubuntu/workspace/form_validations/view/results.php:0
[19-May-2016 15:51:53 UTC] PHP Warning:  include(../model/DAOUmysql.php): failed to open stream: No such file or directory in /home/ubuntu/workspace/frameworkPHPLara/view/results.php on line 9
[19-May-2016 15:51:53 UTC] PHP Stack trace:
[19-May-2016 15:51:53 UTC] PHP   1. {main}() /home/ubuntu/workspace/frameworkPHPLara/view/results.php:0
[19-May-2016 15:51:53 UTC] PHP Warning:  include(): Failed opening '../model/DAOUmysql.php' for inclusion (include_path='.:/usr/share/php:/usr/share/pear') in /home/ubuntu/workspace/frameworkPHPLara/view/results.php on line 9
[19-May-2016 15:51:53 UTC] PHP Stack trace:
[19-May-2016 15:51:53 UTC] PHP   1. {main}() /home/ubuntu/workspace/frameworkPHPLara/view/results.php:0
[19-May-2016 15:51:53 UTC] PHP Fatal error:  Class 'DAOmysql' not found in /home/ubuntu/workspace/frameworkPHPLara/view/results.php on line 15
[19-May-2016 15:51:53 UTC] PHP Stack trace:
[19-May-2016 15:51:53 UTC] PHP   1. {main}() /home/ubuntu/workspace/frameworkPHPLara/view/results.php:0
[19-May-2016 15:59:24 UTC] PHP Fatal error:  Call to undefined method DAOmysql::nuevo_user() in /home/ubuntu/workspace/frameworkPHPLara/view/results.php on line 16
[19-May-2016 15:59:24 UTC] PHP Stack trace:
[19-May-2016 15:59:24 UTC] PHP   1. {main}() /home/ubuntu/workspace/frameworkPHPLara/view/results.php:0
[19-May-2016 16:00:51 UTC] PHP Fatal error:  Class 'Conectar' not found in /home/ubuntu/workspace/frameworkPHPLara/model/DAOmysql.php on line 10
[19-May-2016 16:00:51 UTC] PHP Stack trace:
[19-May-2016 16:00:51 UTC] PHP   1. {main}() /home/ubuntu/workspace/frameworkPHPLara/view/results.php:0
[19-May-2016 16:00:51 UTC] PHP   2. DAOmysql->new_user() /home/ubuntu/workspace/frameworkPHPLara/view/results.php:16
[19-May-2016 16:00:53 UTC] PHP Fatal error:  Class 'Conectar' not found in /home/ubuntu/workspace/frameworkPHPLara/model/DAOmysql.php on line 10
[19-May-2016 16:00:53 UTC] PHP Stack trace:
[19-May-2016 16:00:53 UTC] PHP   1. {main}() /home/ubuntu/workspace/frameworkPHPLara/view/results.php:0
[19-May-2016 16:00:53 UTC] PHP   2. DAOmysql->new_user() /home/ubuntu/workspace/frameworkPHPLara/view/results.php:16
[19-May-2016 16:04:37 UTC] PHP Fatal error:  Class 'php' not found in /home/ubuntu/workspace/frameworkPHPLara/model/DAOmysql.php on line 10
[19-May-2016 16:04:37 UTC] PHP Stack trace:
[19-May-2016 16:04:37 UTC] PHP   1. {main}() /home/ubuntu/workspace/frameworkPHPLara/view/results.php:0
[19-May-2016 16:04:37 UTC] PHP   2. DAOmysql->new_user() /home/ubuntu/workspace/frameworkPHPLara/view/results.php:16
[19-May-2016 23:51:51 UTC] PHP Fatal error:  Call to undefined function val_dni() in /home/ubuntu/workspace/frameworkPHPLara/view/form.php on line 39
[19-May-2016 23:51:51 UTC] PHP Stack trace:
[19-May-2016 23:51:51 UTC] PHP   1. {main}() /home/ubuntu/workspace/frameworkPHPLara/view/form.php:0
[20-May-2016 00:23:22 UTC] PHP Warning:  include(../model/DAOmysql.php): failed to open stream: No such file or directory in /home/ubuntu/workspace/frameworkPHPLara/view/results.php on line 9
[20-May-2016 00:23:22 UTC] PHP Stack trace:
[20-May-2016 00:23:22 UTC] PHP   1. {main}() /home/ubuntu/workspace/frameworkPHPLara/view/results.php:0
[20-May-2016 00:23:22 UTC] PHP Warning:  include(): Failed opening '../model/DAOmysql.php' for inclusion (include_path='.:/usr/share/php:/usr/share/pear') in /home/ubuntu/workspace/frameworkPHPLara/view/results.php on line 9
[20-May-2016 00:23:22 UTC] PHP Stack trace:
[20-May-2016 00:23:22 UTC] PHP   1. {main}() /home/ubuntu/workspace/frameworkPHPLara/view/results.php:0
[20-May-2016 00:23:22 UTC] PHP Fatal error:  Class 'DAOmysql' not found in /home/ubuntu/workspace/frameworkPHPLara/view/results.php on line 15
[20-May-2016 00:23:22 UTC] PHP Stack trace:
[20-May-2016 00:23:22 UTC] PHP   1. {main}() /home/ubuntu/workspace/frameworkPHPLara/view/results.php:0
